# JRE version: Java(TM) SE Runtime Environment (13.0.2+8) (build 13.0.2+8)
# Java VM: Java HotSpot(TM) 64-Bit Server VM (13.0.2+8, mixed mode, sharing, tiered, compressed oops, g1 gc, windows-amd64)
Heap:
 garbage-first heap   total 262144K, used 143698K [0x00000000e0000000, 0x0000000100000000)
  region size 1024K, 68 young (69632K), 17 survivors (17408K)
 Metaspace       used 72450K, capacity 75884K, committed 76024K, reserved 319488K
  class space    used 9417K, capacity 10607K, committed 10744K, reserved 253952K
GC Heap History (20 events):
Event: 9.094 GC heap before
{Heap before GC invocations=3 (full 0):
 garbage-first heap   total 262144K, used 52472K [0x00000000e0000000, 0x0000000100000000)
  region size 1024K, 43 young (44032K), 4 survivors (4096K)
 Metaspace       used 10686K, capacity 11023K, committed 11136K, reserved 264192K
  class space    used 1521K, capacity 1646K, committed 1664K, reserved 253952K
}
Event: 9.105 GC heap after
{Heap after GC invocations=4 (full 0):
 garbage-first heap   total 262144K, used 15160K [0x00000000e0000000, 0x0000000100000000)
  region size 1024K, 3 young (3072K), 3 survivors (3072K)
 Metaspace       used 10686K, capacity 11023K, committed 11136K, reserved 264192K
  class space    used 1521K, capacity 1646K, committed 1664K, reserved 253952K
}
Event: 13.037 GC heap before
{Heap before GC invocations=4 (full 0):
 garbage-first heap   total 262144K, used 69432K [0x00000000e0000000, 0x0000000100000000)
  region size 1024K, 57 young (58368K), 3 survivors (3072K)
 Metaspace       used 18889K, capacity 19379K, committed 19584K, reserved 272384K
  class space    used 2688K, capacity 2855K, committed 2944K, reserved 253952K
}
Event: 13.047 GC heap after
{Heap after GC invocations=5 (full 0):
 garbage-first heap   total 262144K, used 18413K [0x00000000e0000000, 0x0000000100000000)
  region size 1024K, 6 young (6144K), 6 survivors (6144K)
 Metaspace       used 18889K, capacity 19379K, committed 19584K, reserved 272384K
  class space    used 2688K, capacity 2855K, committed 2944K, reserved 253952K
}
Event: 14.715 GC heap before
{Heap before GC invocations=5 (full 0):
 garbage-first heap   total 262144K, used 20461K [0x00000000e0000000, 0x0000000100000000)
  region size 1024K, 9 young (9216K), 6 survivors (6144K)
 Metaspace       used 20491K, capacity 20979K, committed 21248K, reserved 272384K
  class space    used 2868K, capacity 3047K, committed 3072K, reserved 253952K
}
Event: 14.735 GC heap after
{Heap after GC invocations=6 (full 0):
 garbage-first heap   total 262144K, used 19097K [0x00000000e0000000, 0x0000000100000000)
  region size 1024K, 4 young (4096K), 4 survivors (4096K)
 Metaspace       used 20491K, capacity 20979K, committed 21248K, reserved 272384K
  class space    used 2868K, capacity 3047K, committed 3072K, reserved 253952K
}
Event: 23.909 GC heap before
{Heap before GC invocations=7 (full 0):
 garbage-first heap   total 262144K, used 85657K [0x00000000e0000000, 0x0000000100000000)
  region size 1024K, 67 young (68608K), 4 survivors (4096K)
 Metaspace       used 27805K, capacity 28445K, committed 28672K, reserved 278528K
  class space    used 3745K, capacity 3996K, committed 4096K, reserved 253952K
}
Event: 23.924 GC heap after
{Heap after GC invocations=8 (full 0):
 garbage-first heap   total 262144K, used 23783K [0x00000000e0000000, 0x0000000100000000)
  region size 1024K, 9 young (9216K), 9 survivors (9216K)
 Metaspace       used 27805K, capacity 28445K, committed 28672K, reserved 278528K
  class space    used 3745K, capacity 3996K, committed 4096K, reserved 253952K
}
Event: 27.285 GC heap before
{Heap before GC invocations=8 (full 0):
 garbage-first heap   total 262144K, used 114919K [0x00000000e0000000, 0x0000000100000000)
  region size 1024K, 95 young (97280K), 9 survivors (9216K)
 Metaspace       used 33654K, capacity 34570K, committed 34688K, reserved 284672K
  class space    used 4592K, capacity 4886K, committed 4992K, reserved 253952K
}
Event: 27.304 GC heap after
{Heap after GC invocations=9 (full 0):
 garbage-first heap   total 262144K, used 32787K [0x00000000e0000000, 0x0000000100000000)
  region size 1024K, 12 young (12288K), 12 survivors (12288K)
 Metaspace       used 33654K, capacity 34570K, committed 34688K, reserved 284672K
  class space    used 4592K, capacity 4886K, committed 4992K, reserved 253952K
}
Event: 28.363 GC heap before
{Heap before GC invocations=9 (full 0):
 garbage-first heap   total 262144K, used 47123K [0x00000000e0000000, 0x0000000100000000)
  region size 1024K, 26 young (26624K), 12 survivors (12288K)
 Metaspace       used 34626K, capacity 35520K, committed 35584K, reserved 284672K
  class space    used 4722K, capacity 5090K, committed 5120K, reserved 253952K
}
Event: 28.391 GC heap after
{Heap after GC invocations=10 (full 0):
 garbage-first heap   total 262144K, used 38236K [0x00000000e0000000, 0x0000000100000000)
  region size 1024K, 10 young (10240K), 10 survivors (10240K)
 Metaspace       used 34626K, capacity 35520K, committed 35584K, reserved 284672K
  class space    used 4722K, capacity 5090K, committed 5120K, reserved 253952K
}
Event: 36.002 GC heap before
{Heap before GC invocations=11 (full 0):
 garbage-first heap   total 262144K, used 166236K [0x00000000e0000000, 0x0000000100000000)
  region size 1024K, 135 young (138240K), 10 survivors (10240K)
 Metaspace       used 52281K, capacity 53572K, committed 53880K, reserved 301056K
  class space    used 6907K, capacity 7404K, committed 7544K, reserved 253952K
}
Event: 36.025 GC heap after
{Heap after GC invocations=12 (full 0):
 garbage-first heap   total 262144K, used 45967K [0x00000000e0000000, 0x0000000100000000)
  region size 1024K, 17 young (17408K), 17 survivors (17408K)
 Metaspace       used 52281K, capacity 53572K, committed 53880K, reserved 301056K
  class space    used 6907K, capacity 7404K, committed 7544K, reserved 253952K
}
Event: 38.754 GC heap before
{Heap before GC invocations=12 (full 0):
 garbage-first heap   total 262144K, used 111503K [0x00000000e0000000, 0x0000000100000000)
  region size 1024K, 82 young (83968K), 17 survivors (17408K)
 Metaspace       used 58330K, capacity 59763K, committed 59896K, reserved 307200K
  class space    used 7726K, capacity 8311K, committed 8440K, reserved 253952K
}
Event: 38.790 GC heap after
{Heap after GC invocations=13 (full 0):
 garbage-first heap   total 262144K, used 48594K [0x00000000e0000000, 0x0000000100000000)
  region size 1024K, 11 young (11264K), 11 survivors (11264K)
 Metaspace       used 58330K, capacity 59763K, committed 59896K, reserved 307200K
  class space    used 7726K, capacity 8311K, committed 8440K, reserved 253952K
}
Event: 72.829 GC heap before
{Heap before GC invocations=14 (full 0):
 garbage-first heap   total 262144K, used 180690K [0x00000000e0000000, 0x0000000100000000)
  region size 1024K, 138 young (141312K), 11 survivors (11264K)
 Metaspace       used 66203K, capacity 68236K, committed 68344K, reserved 313344K
  class space    used 8607K, capacity 9404K, committed 9464K, reserved 253952K
}
Event: 72.862 GC heap after
{Heap after GC invocations=15 (full 0):
 garbage-first heap   total 262144K, used 66125K [0x00000000e0000000, 0x0000000100000000)
  region size 1024K, 17 young (17408K), 17 survivors (17408K)
 Metaspace       used 66203K, capacity 68236K, committed 68344K, reserved 313344K
  class space    used 8607K, capacity 9404K, committed 9464K, reserved 253952K
}
Event: 87.084 GC heap before
{Heap before GC invocations=15 (full 0):
 garbage-first heap   total 262144K, used 187981K [0x00000000e0000000, 0x0000000100000000)
  region size 1024K, 136 young (139264K), 17 survivors (17408K)
 Metaspace       used 70061K, capacity 73276K, committed 73464K, reserved 317440K
  class space    used 9109K, capacity 10201K, committed 10232K, reserved 253952K
}
Event: 87.142 GC heap after
{Heap after GC invocations=16 (full 0):
 garbage-first heap   total 262144K, used 87378K [0x00000000e0000000, 0x0000000100000000)
  region size 1024K, 17 young (17408K), 17 survivors (17408K)
 Metaspace       used 70061K, capacity 73276K, committed 73464K, reserved 317440K
  class space    used 9109K, capacity 10201K, committed 10232K, reserved 253952K
}

