# JRE version: Java(TM) SE Runtime Environment (13.0.2+8) (build 13.0.2+8)
# Java VM: Java HotSpot(TM) 64-Bit Server VM (13.0.2+8, mixed mode, sharing, tiered, compressed oops, g1 gc, windows-amd64)
Heap:
 garbage-first heap   total 352256K, used 208763K [0x00000000e0000000, 0x0000000100000000)
  region size 1024K, 17 young (17408K), 9 survivors (9216K)
 Metaspace       used 87751K, capacity 91570K, committed 91904K, reserved 333824K
  class space    used 11191K, capacity 12486K, committed 12544K, reserved 253952K
GC Heap History (20 events):
Event: 156.194 GC heap before
{Heap before GC invocations=19 (full 0):
 garbage-first heap   total 262144K, used 196608K [0x00000000e0000000, 0x0000000100000000)
  region size 1024K, 81 young (82944K), 13 survivors (13312K)
 Metaspace       used 72988K, capacity 76463K, committed 76672K, reserved 321536K
  class space    used 9597K, capacity 10793K, committed 10880K, reserved 253952K
}
Event: 156.226 GC heap after
{Heap after GC invocations=20 (full 0):
 garbage-first heap   total 262144K, used 134656K [0x00000000e0000000, 0x0000000100000000)
  region size 1024K, 6 young (6144K), 6 survivors (6144K)
 Metaspace       used 72988K, capacity 76463K, committed 76672K, reserved 321536K
  class space    used 9597K, capacity 10793K, committed 10880K, reserved 253952K
}
Event: 160.157 GC heap before
{Heap before GC invocations=20 (full 0):
 garbage-first heap   total 262144K, used 202240K [0x00000000e0000000, 0x0000000100000000)
  region size 1024K, 73 young (74752K), 6 survivors (6144K)
 Metaspace       used 73887K, capacity 77430K, committed 77568K, reserved 321536K
  class space    used 9724K, capacity 10947K, committed 11008K, reserved 253952K
}
Event: 160.175 GC heap after
{Heap after GC invocations=21 (full 0):
 garbage-first heap   total 262144K, used 137867K [0x00000000e0000000, 0x0000000100000000)
  region size 1024K, 9 young (9216K), 9 survivors (9216K)
 Metaspace       used 73887K, capacity 77430K, committed 77568K, reserved 321536K
  class space    used 9724K, capacity 10947K, committed 11008K, reserved 253952K
}
Event: 162.545 GC heap before
{Heap before GC invocations=22 (full 0):
 garbage-first heap   total 262144K, used 206475K [0x00000000e0000000, 0x0000000100000000)
  region size 1024K, 77 young (78848K), 9 survivors (9216K)
 Metaspace       used 75173K, capacity 78717K, committed 78976K, reserved 323584K
  class space    used 9872K, capacity 11116K, committed 11136K, reserved 253952K
}
Event: 162.565 GC heap after
{Heap after GC invocations=23 (full 0):
 garbage-first heap   total 262144K, used 142517K [0x00000000e0000000, 0x0000000100000000)
  region size 1024K, 9 young (9216K), 9 survivors (9216K)
 Metaspace       used 75173K, capacity 78717K, committed 78976K, reserved 323584K
  class space    used 9872K, capacity 11116K, committed 11136K, reserved 253952K
}
Event: 163.381 GC heap before
{Heap before GC invocations=23 (full 0):
 garbage-first heap   total 262144K, used 174261K [0x00000000e0000000, 0x0000000100000000)
  region size 1024K, 41 young (41984K), 9 survivors (9216K)
 Metaspace       used 76682K, capacity 80242K, committed 80512K, reserved 323584K
  class space    used 10060K, capacity 11321K, committed 11392K, reserved 253952K
}
Event: 163.402 GC heap after
{Heap after GC invocations=24 (full 0):
 garbage-first heap   total 262144K, used 145183K [0x00000000e0000000, 0x0000000100000000)
  region size 1024K, 8 young (8192K), 8 survivors (8192K)
 Metaspace       used 76682K, capacity 80242K, committed 80512K, reserved 323584K
  class space    used 10060K, capacity 11321K, committed 11392K, reserved 253952K
}
Event: 165.224 GC heap before
{Heap before GC invocations=25 (full 0):
 garbage-first heap   total 278528K, used 204575K [0x00000000e0000000, 0x0000000100000000)
  region size 1024K, 66 young (67584K), 8 survivors (8192K)
 Metaspace       used 76789K, capacity 80340K, committed 80512K, reserved 323584K
  class space    used 10067K, capacity 11331K, committed 11392K, reserved 253952K
}
Event: 165.245 GC heap after
{Heap after GC invocations=26 (full 0):
 garbage-first heap   total 278528K, used 150012K [0x00000000e0000000, 0x0000000100000000)
  region size 1024K, 8 young (8192K), 8 survivors (8192K)
 Metaspace       used 76789K, capacity 80340K, committed 80512K, reserved 323584K
  class space    used 10067K, capacity 11331K, committed 11392K, reserved 253952K
}
Event: 390.085 GC heap before
{Heap before GC invocations=26 (full 0):
 garbage-first heap   total 278528K, used 218620K [0x00000000e0000000, 0x0000000100000000)
  region size 1024K, 76 young (77824K), 8 survivors (8192K)
 Metaspace       used 80706K, capacity 84369K, committed 84608K, reserved 327680K
  class space    used 10355K, capacity 11622K, committed 11648K, reserved 253952K
}
Event: 390.108 GC heap after
{Heap after GC invocations=27 (full 0):
 garbage-first heap   total 278528K, used 154433K [0x00000000e0000000, 0x0000000100000000)
  region size 1024K, 9 young (9216K), 9 survivors (9216K)
 Metaspace       used 80706K, capacity 84369K, committed 84608K, reserved 327680K
  class space    used 10355K, capacity 11622K, committed 11648K, reserved 253952K
}
Event: 397.663 GC heap before
{Heap before GC invocations=28 (full 0):
 garbage-first heap   total 278528K, used 220993K [0x00000000e0000000, 0x0000000100000000)
  region size 1024K, 77 young (78848K), 9 survivors (9216K)
 Metaspace       used 81559K, capacity 85362K, committed 85504K, reserved 327680K
  class space    used 10448K, capacity 11745K, committed 11776K, reserved 253952K
}
Event: 397.704 GC heap after
{Heap after GC invocations=29 (full 0):
 garbage-first heap   total 278528K, used 167500K [0x00000000e0000000, 0x0000000100000000)
  region size 1024K, 10 young (10240K), 10 survivors (10240K)
 Metaspace       used 81559K, capacity 85362K, committed 85504K, reserved 327680K
  class space    used 10448K, capacity 11745K, committed 11776K, reserved 253952K
}
Event: 407.900 GC heap before
{Heap before GC invocations=29 (full 0):
 garbage-first heap   total 278528K, used 223820K [0x00000000e0000000, 0x0000000100000000)
  region size 1024K, 65 young (66560K), 10 survivors (10240K)
 Metaspace       used 87578K, capacity 91347K, committed 91648K, reserved 333824K
  class space    used 11189K, capacity 12491K, committed 12544K, reserved 253952K
}
Event: 407.965 GC heap after
{Heap after GC invocations=30 (full 0):
 garbage-first heap   total 278528K, used 177127K [0x00000000e0000000, 0x0000000100000000)
  region size 1024K, 9 young (9216K), 9 survivors (9216K)
 Metaspace       used 87578K, capacity 91347K, committed 91648K, reserved 333824K
  class space    used 11189K, capacity 12491K, committed 12544K, reserved 253952K
}
Event: 410.599 GC heap before
{Heap before GC invocations=31 (full 0):
 garbage-first heap   total 317440K, used 226279K [0x00000000e0000000, 0x0000000100000000)
  region size 1024K, 57 young (58368K), 9 survivors (9216K)
 Metaspace       used 87614K, capacity 91396K, committed 91648K, reserved 333824K
  class space    used 11183K, capacity 12478K, committed 12544K, reserved 253952K
}
Event: 410.630 GC heap after
{Heap after GC invocations=32 (full 0):
 garbage-first heap   total 317440K, used 186368K [0x00000000e0000000, 0x0000000100000000)
  region size 1024K, 8 young (8192K), 8 survivors (8192K)
 Metaspace       used 87614K, capacity 91396K, committed 91648K, reserved 333824K
  class space    used 11183K, capacity 12478K, committed 12544K, reserved 253952K
}
Event: 411.290 GC heap before
{Heap before GC invocations=32 (full 0):
 garbage-first heap   total 317440K, used 249856K [0x00000000e0000000, 0x0000000100000000)
  region size 1024K, 70 young (71680K), 8 survivors (8192K)
 Metaspace       used 87751K, capacity 91570K, committed 91904K, reserved 333824K
  class space    used 11191K, capacity 12486K, committed 12544K, reserved 253952K
}
Event: 411.339 GC heap after
{Heap after GC invocations=33 (full 0):
 garbage-first heap   total 317440K, used 203643K [0x00000000e0000000, 0x0000000100000000)
  region size 1024K, 9 young (9216K), 9 survivors (9216K)
 Metaspace       used 87751K, capacity 91570K, committed 91904K, reserved 333824K
  class space    used 11191K, capacity 12486K, committed 12544K, reserved 253952K
}

