# JRE version: Java(TM) SE Runtime Environment (13.0.2+8) (build 13.0.2+8)
# Java VM: Java HotSpot(TM) 64-Bit Server VM (13.0.2+8, mixed mode, sharing, tiered, compressed oops, g1 gc, windows-amd64)
Heap:
 garbage-first heap   total 280576K, used 168901K [0x00000000e0000000, 0x0000000100000000)
  region size 1024K, 34 young (34816K), 2 survivors (2048K)
 Metaspace       used 81496K, capacity 85212K, committed 85464K, reserved 327680K
  class space    used 10377K, capacity 11714K, committed 11776K, reserved 253952K
GC Heap History (20 events):
Event: 65.971 GC heap before
{Heap before GC invocations=14 (full 0):
 garbage-first heap   total 262144K, used 200704K [0x00000000e0000000, 0x0000000100000000)
  region size 1024K, 119 young (121856K), 18 survivors (18432K)
 Metaspace       used 70374K, capacity 73669K, committed 73944K, reserved 317440K
  class space    used 9298K, capacity 10441K, committed 10496K, reserved 253952K
}
Event: 66.024 GC heap after
{Heap after GC invocations=15 (full 0):
 garbage-first heap   total 262144K, used 115200K [0x00000000e0000000, 0x0000000100000000)
  region size 1024K, 15 young (15360K), 15 survivors (15360K)
 Metaspace       used 70374K, capacity 73669K, committed 73944K, reserved 317440K
  class space    used 9298K, capacity 10441K, committed 10496K, reserved 253952K
}
Event: 70.366 GC heap before
{Heap before GC invocations=15 (full 0):
 garbage-first heap   total 262144K, used 200192K [0x00000000e0000000, 0x0000000100000000)
  region size 1024K, 99 young (101376K), 15 survivors (15360K)
 Metaspace       used 71817K, capacity 75229K, committed 75480K, reserved 319488K
  class space    used 9476K, capacity 10655K, committed 10752K, reserved 253952K
}
Event: 70.405 GC heap after
{Heap after GC invocations=16 (full 0):
 garbage-first heap   total 262144K, used 129536K [0x00000000e0000000, 0x0000000100000000)
  region size 1024K, 13 young (13312K), 13 survivors (13312K)
 Metaspace       used 71817K, capacity 75229K, committed 75480K, reserved 319488K
  class space    used 9476K, capacity 10655K, committed 10752K, reserved 253952K
}
Event: 74.101 GC heap before
{Heap before GC invocations=16 (full 0):
 garbage-first heap   total 262144K, used 203264K [0x00000000e0000000, 0x0000000100000000)
  region size 1024K, 86 young (88064K), 13 survivors (13312K)
 Metaspace       used 73226K, capacity 76719K, committed 77016K, reserved 321536K
  class space    used 9673K, capacity 10892K, committed 11008K, reserved 253952K
}
Event: 74.145 GC heap after
{Heap after GC invocations=17 (full 0):
 garbage-first heap   total 262144K, used 136192K [0x00000000e0000000, 0x0000000100000000)
  region size 1024K, 6 young (6144K), 6 survivors (6144K)
 Metaspace       used 73226K, capacity 76719K, committed 77016K, reserved 321536K
  class space    used 9673K, capacity 10892K, committed 11008K, reserved 253952K
}
Event: 76.274 GC heap before
{Heap before GC invocations=17 (full 0):
 garbage-first heap   total 262144K, used 209920K [0x00000000e0000000, 0x0000000100000000)
  region size 1024K, 78 young (79872K), 6 survivors (6144K)
 Metaspace       used 73499K, capacity 76936K, committed 77272K, reserved 321536K
  class space    used 9695K, capacity 10917K, committed 11008K, reserved 253952K
}
Event: 76.295 GC heap after
{Heap after GC invocations=18 (full 0):
 garbage-first heap   total 262144K, used 141312K [0x00000000e0000000, 0x0000000100000000)
  region size 1024K, 5 young (5120K), 5 survivors (5120K)
 Metaspace       used 73499K, capacity 76936K, committed 77272K, reserved 321536K
  class space    used 9695K, capacity 10917K, committed 11008K, reserved 253952K
}
Event: 77.478 GC heap before
{Heap before GC invocations=19 (full 0):
 garbage-first heap   total 262144K, used 184320K [0x00000000e0000000, 0x0000000100000000)
  region size 1024K, 49 young (50176K), 5 survivors (5120K)
 Metaspace       used 76192K, capacity 79633K, committed 79960K, reserved 323584K
  class space    used 10016K, capacity 11257K, committed 11392K, reserved 253952K
}
Event: 77.495 GC heap after
{Heap after GC invocations=20 (full 0):
 garbage-first heap   total 262144K, used 144363K [0x00000000e0000000, 0x0000000100000000)
  region size 1024K, 8 young (8192K), 8 survivors (8192K)
 Metaspace       used 76192K, capacity 79633K, committed 79960K, reserved 323584K
  class space    used 10016K, capacity 11257K, committed 11392K, reserved 253952K
}
Event: 79.364 GC heap before
{Heap before GC invocations=21 (full 0):
 garbage-first heap   total 275456K, used 208875K [0x00000000e0000000, 0x0000000100000000)
  region size 1024K, 71 young (72704K), 8 survivors (8192K)
 Metaspace       used 76313K, capacity 79798K, committed 79960K, reserved 323584K
  class space    used 10022K, capacity 11268K, committed 11392K, reserved 253952K
}
Event: 79.387 GC heap after
{Heap after GC invocations=22 (full 0):
 garbage-first heap   total 275456K, used 149264K [0x00000000e0000000, 0x0000000100000000)
  region size 1024K, 9 young (9216K), 9 survivors (9216K)
 Metaspace       used 76313K, capacity 79798K, committed 79960K, reserved 323584K
  class space    used 10022K, capacity 11268K, committed 11392K, reserved 253952K
}
Event: 749.940 GC heap before
{Heap before GC invocations=22 (full 0):
 garbage-first heap   total 275456K, used 217872K [0x00000000e0000000, 0x0000000100000000)
  region size 1024K, 77 young (78848K), 9 survivors (9216K)
 Metaspace       used 80403K, capacity 83995K, committed 84056K, reserved 327680K
  class space    used 10322K, capacity 11592K, committed 11648K, reserved 253952K
}
Event: 749.989 GC heap after
{Heap after GC invocations=23 (full 0):
 garbage-first heap   total 275456K, used 151630K [0x00000000e0000000, 0x0000000100000000)
  region size 1024K, 8 young (8192K), 8 survivors (8192K)
 Metaspace       used 80403K, capacity 83995K, committed 84056K, reserved 327680K
  class space    used 10322K, capacity 11592K, committed 11648K, reserved 253952K
}
Event: 890.037 GC heap before
{Heap before GC invocations=24 (full 0):
 garbage-first heap   total 275456K, used 221262K [0x00000000e0000000, 0x0000000100000000)
  region size 1024K, 77 young (78848K), 8 survivors (8192K)
 Metaspace       used 80872K, capacity 84638K, committed 84952K, reserved 327680K
  class space    used 10350K, capacity 11672K, committed 11776K, reserved 253952K
}
Event: 890.085 GC heap after
{Heap after GC invocations=25 (full 0):
 garbage-first heap   total 275456K, used 164850K [0x00000000e0000000, 0x0000000100000000)
  region size 1024K, 10 young (10240K), 10 survivors (10240K)
 Metaspace       used 80872K, capacity 84638K, committed 84952K, reserved 327680K
  class space    used 10350K, capacity 11672K, committed 11776K, reserved 253952K
}
Event: 890.222 GC heap before
{Heap before GC invocations=25 (full 0):
 garbage-first heap   total 275456K, used 166898K [0x00000000e0000000, 0x0000000100000000)
  region size 1024K, 13 young (13312K), 10 survivors (10240K)
 Metaspace       used 80881K, capacity 84639K, committed 84952K, reserved 327680K
  class space    used 10350K, capacity 11672K, committed 11776K, reserved 253952K
}
Event: 890.340 GC heap after
{Heap after GC invocations=26 (full 0):
 garbage-first heap   total 275456K, used 153348K [0x00000000e0000000, 0x0000000100000000)
  region size 1024K, 2 young (2048K), 2 survivors (2048K)
 Metaspace       used 80881K, capacity 84639K, committed 84952K, reserved 327680K
  class space    used 10350K, capacity 11672K, committed 11776K, reserved 253952K
}
Event: 892.030 GC heap before
{Heap before GC invocations=26 (full 0):
 garbage-first heap   total 275456K, used 219908K [0x00000000e0000000, 0x0000000100000000)
  region size 1024K, 67 young (68608K), 2 survivors (2048K)
 Metaspace       used 81256K, capacity 85070K, committed 85208K, reserved 327680K
  class space    used 10369K, capacity 11700K, committed 11776K, reserved 253952K
}
Event: 892.107 GC heap after
{Heap after GC invocations=27 (full 0):
 garbage-first heap   total 275456K, used 166400K [0x00000000e0000000, 0x0000000100000000)
  region size 1024K, 9 young (9216K), 9 survivors (9216K)
 Metaspace       used 81256K, capacity 85070K, committed 85208K, reserved 327680K
  class space    used 10369K, capacity 11700K, committed 11776K, reserved 253952K
}

