# JRE version: Java(TM) SE Runtime Environment (13.0.2+8) (build 13.0.2+8)
# Java VM: Java HotSpot(TM) 64-Bit Server VM (13.0.2+8, mixed mode, sharing, tiered, compressed oops, g1 gc, windows-amd64)
Heap:
 garbage-first heap   total 262144K, used 51435K [0x00000000e0000000, 0x0000000100000000)
  region size 1024K, 39 young (39936K), 3 survivors (3072K)
 Metaspace       used 15805K, capacity 16269K, committed 16384K, reserved 268288K
  class space    used 2345K, capacity 2522K, committed 2560K, reserved 253952K
GC Heap History (8 events):
Event: 0.626 GC heap before
{Heap before GC invocations=0 (full 0):
 garbage-first heap   total 262144K, used 19456K [0x00000000e0000000, 0x0000000100000000)
  region size 1024K, 14 young (14336K), 0 survivors (0K)
 Metaspace       used 2116K, capacity 5501K, committed 5760K, reserved 262144K
  class space    used 245K, capacity 576K, committed 640K, reserved 253952K
}
Event: 0.633 GC heap after
{Heap after GC invocations=1 (full 0):
 garbage-first heap   total 262144K, used 7883K [0x00000000e0000000, 0x0000000100000000)
  region size 1024K, 2 young (2048K), 2 survivors (2048K)
 Metaspace       used 2116K, capacity 5501K, committed 5760K, reserved 262144K
  class space    used 245K, capacity 576K, committed 640K, reserved 253952K
}
Event: 2.189 GC heap before
{Heap before GC invocations=1 (full 0):
 garbage-first heap   total 262144K, used 19147K [0x00000000e0000000, 0x0000000100000000)
  region size 1024K, 13 young (13312K), 2 survivors (2048K)
 Metaspace       used 3739K, capacity 6540K, committed 6656K, reserved 262144K
  class space    used 478K, capacity 753K, committed 768K, reserved 253952K
}
Event: 2.192 GC heap after
{Heap after GC invocations=2 (full 0):
 garbage-first heap   total 262144K, used 8568K [0x00000000e0000000, 0x0000000100000000)
  region size 1024K, 1 young (1024K), 1 survivors (1024K)
 Metaspace       used 3739K, capacity 6540K, committed 6656K, reserved 262144K
  class space    used 478K, capacity 753K, committed 768K, reserved 253952K
}
Event: 14.033 GC heap before
{Heap before GC invocations=2 (full 0):
 garbage-first heap   total 262144K, used 36216K [0x00000000e0000000, 0x0000000100000000)
  region size 1024K, 29 young (29696K), 1 survivors (1024K)
 Metaspace       used 3999K, capacity 6660K, committed 6784K, reserved 262144K
  class space    used 503K, capacity 793K, committed 896K, reserved 253952K
}
Event: 14.036 GC heap after
{Heap after GC invocations=3 (full 0):
 garbage-first heap   total 262144K, used 12630K [0x00000000e0000000, 0x0000000100000000)
  region size 1024K, 4 young (4096K), 4 survivors (4096K)
 Metaspace       used 3999K, capacity 6660K, committed 6784K, reserved 262144K
  class space    used 503K, capacity 793K, committed 896K, reserved 253952K
}
Event: 19.137 GC heap before
{Heap before GC invocations=3 (full 0):
 garbage-first heap   total 262144K, used 54614K [0x00000000e0000000, 0x0000000100000000)
  region size 1024K, 45 young (46080K), 4 survivors (4096K)
 Metaspace       used 11221K, capacity 11585K, committed 11776K, reserved 264192K
  class space    used 1611K, capacity 1743K, committed 1792K, reserved 253952K
}
Event: 19.144 GC heap after
{Heap after GC invocations=4 (full 0):
 garbage-first heap   total 262144K, used 15595K [0x00000000e0000000, 0x0000000100000000)
  region size 1024K, 3 young (3072K), 3 survivors (3072K)
 Metaspace       used 11221K, capacity 11585K, committed 11776K, reserved 264192K
  class space    used 1611K, capacity 1743K, committed 1792K, reserved 253952K
}

