# JRE version: Java(TM) SE Runtime Environment (13.0.2+8) (build 13.0.2+8)
# Java VM: Java HotSpot(TM) 64-Bit Server VM (13.0.2+8, mixed mode, sharing, tiered, compressed oops, g1 gc, windows-amd64)
Heap:
 garbage-first heap   total 327680K, used 199168K [0x00000000e0000000, 0x0000000100000000)
  region size 1024K, 26 young (26624K), 8 survivors (8192K)
 Metaspace       used 81428K, capacity 85288K, committed 85464K, reserved 327680K
  class space    used 10417K, capacity 11760K, committed 11776K, reserved 253952K
GC Heap History (20 events):
Event: 39.928 GC heap before
{Heap before GC invocations=15 (full 0):
 garbage-first heap   total 262144K, used 190888K [0x00000000e0000000, 0x0000000100000000)
  region size 1024K, 113 young (115712K), 17 survivors (17408K)
 Metaspace       used 70222K, capacity 73511K, committed 73688K, reserved 317440K
  class space    used 9288K, capacity 10478K, committed 10496K, reserved 253952K
}
Event: 39.981 GC heap after
{Heap after GC invocations=16 (full 0):
 garbage-first heap   total 262144K, used 108544K [0x00000000e0000000, 0x0000000100000000)
  region size 1024K, 15 young (15360K), 15 survivors (15360K)
 Metaspace       used 70222K, capacity 73511K, committed 73688K, reserved 317440K
  class space    used 9288K, capacity 10478K, committed 10496K, reserved 253952K
}
Event: 41.657 GC heap before
{Heap before GC invocations=16 (full 0):
 garbage-first heap   total 262144K, used 197632K [0x00000000e0000000, 0x0000000100000000)
  region size 1024K, 102 young (104448K), 15 survivors (15360K)
 Metaspace       used 71677K, capacity 75103K, committed 75224K, reserved 319488K
  class space    used 9486K, capacity 10681K, committed 10752K, reserved 253952K
}
Event: 41.704 GC heap after
{Heap after GC invocations=17 (full 0):
 garbage-first heap   total 262144K, used 126976K [0x00000000e0000000, 0x0000000100000000)
  region size 1024K, 13 young (13312K), 13 survivors (13312K)
 Metaspace       used 71677K, capacity 75103K, committed 75224K, reserved 319488K
  class space    used 9486K, capacity 10681K, committed 10752K, reserved 253952K
}
Event: 43.429 GC heap before
{Heap before GC invocations=17 (full 0):
 garbage-first heap   total 262144K, used 199680K [0x00000000e0000000, 0x0000000100000000)
  region size 1024K, 84 young (86016K), 13 survivors (13312K)
 Metaspace       used 72966K, capacity 76582K, committed 76760K, reserved 321536K
  class space    used 9644K, capacity 10885K, committed 11008K, reserved 253952K
}
Event: 43.454 GC heap after
{Heap after GC invocations=18 (full 0):
 garbage-first heap   total 262144K, used 133120K [0x00000000e0000000, 0x0000000100000000)
  region size 1024K, 6 young (6144K), 6 survivors (6144K)
 Metaspace       used 72966K, capacity 76582K, committed 76760K, reserved 321536K
  class space    used 9644K, capacity 10885K, committed 11008K, reserved 253952K
}
Event: 44.899 GC heap before
{Heap before GC invocations=18 (full 0):
 garbage-first heap   total 262144K, used 203776K [0x00000000e0000000, 0x0000000100000000)
  region size 1024K, 76 young (77824K), 6 survivors (6144K)
 Metaspace       used 73402K, capacity 76965K, committed 77272K, reserved 321536K
  class space    used 9689K, capacity 10953K, committed 11008K, reserved 253952K
}
Event: 44.922 GC heap after
{Heap after GC invocations=19 (full 0):
 garbage-first heap   total 262144K, used 137405K [0x00000000e0000000, 0x0000000100000000)
  region size 1024K, 10 young (10240K), 10 survivors (10240K)
 Metaspace       used 73402K, capacity 76965K, committed 77272K, reserved 321536K
  class space    used 9689K, capacity 10953K, committed 11008K, reserved 253952K
}
Event: 46.583 GC heap before
{Heap before GC invocations=20 (full 0):
 garbage-first heap   total 262144K, used 209085K [0x00000000e0000000, 0x0000000100000000)
  region size 1024K, 80 young (81920K), 10 survivors (10240K)
 Metaspace       used 76068K, capacity 79510K, committed 79704K, reserved 323584K
  class space    used 10007K, capacity 11264K, committed 11392K, reserved 253952K
}
Event: 46.607 GC heap after
{Heap after GC invocations=21 (full 0):
 garbage-first heap   total 262144K, used 142510K [0x00000000e0000000, 0x0000000100000000)
  region size 1024K, 10 young (10240K), 10 survivors (10240K)
 Metaspace       used 76068K, capacity 79510K, committed 79704K, reserved 323584K
  class space    used 10007K, capacity 11264K, committed 11392K, reserved 253952K
}
Event: 47.159 GC heap before
{Heap before GC invocations=21 (full 0):
 garbage-first heap   total 262144K, used 167086K [0x00000000e0000000, 0x0000000100000000)
  region size 1024K, 35 young (35840K), 10 survivors (10240K)
 Metaspace       used 76270K, capacity 79837K, committed 79960K, reserved 323584K
  class space    used 10025K, capacity 11305K, committed 11392K, reserved 253952K
}
Event: 47.178 GC heap after
{Heap after GC invocations=22 (full 0):
 garbage-first heap   total 262144K, used 144267K [0x00000000e0000000, 0x0000000100000000)
  region size 1024K, 2 young (2048K), 2 survivors (2048K)
 Metaspace       used 76270K, capacity 79837K, committed 79960K, reserved 323584K
  class space    used 10025K, capacity 11305K, committed 11392K, reserved 253952K
}
Event: 48.807 GC heap before
{Heap before GC invocations=23 (full 0):
 garbage-first heap   total 275456K, used 210827K [0x00000000e0000000, 0x0000000100000000)
  region size 1024K, 67 young (68608K), 2 survivors (2048K)
 Metaspace       used 76395K, capacity 79992K, committed 80216K, reserved 323584K
  class space    used 10034K, capacity 11312K, committed 11392K, reserved 253952K
}
Event: 48.819 GC heap after
{Heap after GC invocations=24 (full 0):
 garbage-first heap   total 275456K, used 148988K [0x00000000e0000000, 0x0000000100000000)
  region size 1024K, 7 young (7168K), 7 survivors (7168K)
 Metaspace       used 76395K, capacity 79992K, committed 80216K, reserved 323584K
  class space    used 10034K, capacity 11312K, committed 11392K, reserved 253952K
}
Event: 300.794 GC heap before
{Heap before GC invocations=24 (full 0):
 garbage-first heap   total 275456K, used 219644K [0x00000000e0000000, 0x0000000100000000)
  region size 1024K, 77 young (78848K), 7 survivors (7168K)
 Metaspace       used 80652K, capacity 84425K, committed 84696K, reserved 327680K
  class space    used 10354K, capacity 11650K, committed 11776K, reserved 253952K
}
Event: 300.823 GC heap after
{Heap after GC invocations=25 (full 0):
 garbage-first heap   total 275456K, used 153526K [0x00000000e0000000, 0x0000000100000000)
  region size 1024K, 10 young (10240K), 10 survivors (10240K)
 Metaspace       used 80652K, capacity 84425K, committed 84696K, reserved 327680K
  class space    used 10354K, capacity 11650K, committed 11776K, reserved 253952K
}
Event: 307.259 GC heap before
{Heap before GC invocations=26 (full 0):
 garbage-first heap   total 275456K, used 223158K [0x00000000e0000000, 0x0000000100000000)
  region size 1024K, 78 young (79872K), 10 survivors (10240K)
 Metaspace       used 81272K, capacity 85100K, committed 85208K, reserved 327680K
  class space    used 10411K, capacity 11750K, committed 11776K, reserved 253952K
}
Event: 307.303 GC heap after
{Heap after GC invocations=27 (full 0):
 garbage-first heap   total 275456K, used 170210K [0x00000000e0000000, 0x0000000100000000)
  region size 1024K, 10 young (10240K), 10 survivors (10240K)
 Metaspace       used 81272K, capacity 85100K, committed 85208K, reserved 327680K
  class space    used 10411K, capacity 11750K, committed 11776K, reserved 253952K
}
Event: 308.080 GC heap before
{Heap before GC invocations=27 (full 0):
 garbage-first heap   total 275456K, used 224482K [0x00000000e0000000, 0x0000000100000000)
  region size 1024K, 63 young (64512K), 10 survivors (10240K)
 Metaspace       used 81422K, capacity 85288K, committed 85464K, reserved 327680K
  class space    used 10417K, capacity 11760K, committed 11776K, reserved 253952K
}
Event: 308.126 GC heap after
{Heap after GC invocations=28 (full 0):
 garbage-first heap   total 275456K, used 182784K [0x00000000e0000000, 0x0000000100000000)
  region size 1024K, 8 young (8192K), 8 survivors (8192K)
 Metaspace       used 81422K, capacity 85288K, committed 85464K, reserved 327680K
  class space    used 10417K, capacity 11760K, committed 11776K, reserved 253952K
}

