# JRE version: Java(TM) SE Runtime Environment (13.0.2+8) (build 13.0.2+8)
# Java VM: Java HotSpot(TM) 64-Bit Server VM (13.0.2+8, mixed mode, sharing, tiered, compressed oops, g1 gc, windows-amd64)
Heap:
 garbage-first heap   total 285696K, used 167606K [0x00000000e0000000, 0x0000000100000000)
  region size 1024K, 25 young (25600K), 3 survivors (3072K)
 Metaspace       used 82014K, capacity 85715K, committed 86360K, reserved 329728K
  class space    used 10360K, capacity 11656K, committed 11904K, reserved 253952K
GC Heap History (20 events):
Event: 1303.489 GC heap before
{Heap before GC invocations=24 (full 0):
 garbage-first heap   total 273408K, used 225280K [0x00000000e0000000, 0x0000000100000000)
  region size 1024K, 76 young (77824K), 3 survivors (3072K)
 Metaspace       used 80946K, capacity 84650K, committed 84952K, reserved 327680K
  class space    used 10346K, capacity 11672K, committed 11776K, reserved 253952K
}
Event: 1303.518 GC heap after
{Heap after GC invocations=25 (full 0):
 garbage-first heap   total 273408K, used 164832K [0x00000000e0000000, 0x0000000100000000)
  region size 1024K, 10 young (10240K), 10 survivors (10240K)
 Metaspace       used 80946K, capacity 84650K, committed 84952K, reserved 327680K
  class space    used 10346K, capacity 11672K, committed 11776K, reserved 253952K
}
Event: 1303.578 GC heap before
{Heap before GC invocations=25 (full 0):
 garbage-first heap   total 273408K, used 167904K [0x00000000e0000000, 0x0000000100000000)
  region size 1024K, 13 young (13312K), 10 survivors (10240K)
 Metaspace       used 80946K, capacity 84650K, committed 84952K, reserved 327680K
  class space    used 10346K, capacity 11672K, committed 11776K, reserved 253952K
}
Event: 1303.631 GC heap after
{Heap after GC invocations=26 (full 0):
 garbage-first heap   total 273408K, used 152576K [0x00000000e0000000, 0x0000000100000000)
  region size 1024K, 1 young (1024K), 1 survivors (1024K)
 Metaspace       used 80946K, capacity 84650K, committed 84952K, reserved 327680K
  class space    used 10346K, capacity 11672K, committed 11776K, reserved 253952K
}
Event: 1305.414 GC heap before
{Heap before GC invocations=26 (full 0):
 garbage-first heap   total 273408K, used 219136K [0x00000000e0000000, 0x0000000100000000)
  region size 1024K, 67 young (68608K), 1 survivors (1024K)
 Metaspace       used 81330K, capacity 85081K, committed 85208K, reserved 327680K
  class space    used 10365K, capacity 11700K, committed 11776K, reserved 253952K
}
Event: 1305.438 GC heap after
{Heap after GC invocations=27 (full 0):
 garbage-first heap   total 273408K, used 165888K [0x00000000e0000000, 0x0000000100000000)
  region size 1024K, 9 young (9216K), 9 survivors (9216K)
 Metaspace       used 81330K, capacity 85081K, committed 85208K, reserved 327680K
  class space    used 10365K, capacity 11700K, committed 11776K, reserved 253952K
}
Event: 1307.474 GC heap before
{Heap before GC invocations=28 (full 0):
 garbage-first heap   total 285696K, used 221184K [0x00000000e0000000, 0x0000000100000000)
  region size 1024K, 63 young (64512K), 9 survivors (9216K)
 Metaspace       used 81422K, capacity 85182K, committed 85464K, reserved 327680K
  class space    used 10369K, capacity 11707K, committed 11776K, reserved 253952K
}
Event: 1307.507 GC heap after
{Heap after GC invocations=29 (full 0):
 garbage-first heap   total 285696K, used 177932K [0x00000000e0000000, 0x0000000100000000)
  region size 1024K, 8 young (8192K), 8 survivors (8192K)
 Metaspace       used 81422K, capacity 85182K, committed 85464K, reserved 327680K
  class space    used 10369K, capacity 11707K, committed 11776K, reserved 253952K
}
Event: 1307.558 GC heap before
{Heap before GC invocations=29 (full 0):
 garbage-first heap   total 285696K, used 183052K [0x00000000e0000000, 0x0000000100000000)
  region size 1024K, 13 young (13312K), 8 survivors (8192K)
 Metaspace       used 81423K, capacity 85182K, committed 85464K, reserved 327680K
  class space    used 10369K, capacity 11707K, committed 11776K, reserved 253952K
}
Event: 1307.584 GC heap after
{Heap after GC invocations=30 (full 0):
 garbage-first heap   total 285696K, used 153088K [0x00000000e0000000, 0x0000000100000000)
  region size 1024K, 2 young (2048K), 2 survivors (2048K)
 Metaspace       used 81423K, capacity 85182K, committed 85464K, reserved 327680K
  class space    used 10369K, capacity 11707K, committed 11776K, reserved 253952K
}
Event: 1307.789 GC heap before
{Heap before GC invocations=30 (full 0):
 garbage-first heap   total 285696K, used 164352K [0x00000000e0000000, 0x0000000100000000)
  region size 1024K, 13 young (13312K), 2 survivors (2048K)
 Metaspace       used 81444K, capacity 85194K, committed 85464K, reserved 327680K
  class space    used 10371K, capacity 11709K, committed 11776K, reserved 253952K
}
Event: 1307.827 GC heap after
{Heap after GC invocations=31 (full 0):
 garbage-first heap   total 285696K, used 138217K [0x00000000e0000000, 0x0000000100000000)
  region size 1024K, 2 young (2048K), 2 survivors (2048K)
 Metaspace       used 81444K, capacity 85194K, committed 85464K, reserved 327680K
  class space    used 10371K, capacity 11709K, committed 11776K, reserved 253952K
}
Event: 1309.070 GC heap before
{Heap before GC invocations=31 (full 0):
 garbage-first heap   total 285696K, used 207849K [0x00000000e0000000, 0x0000000100000000)
  region size 1024K, 71 young (72704K), 2 survivors (2048K)
 Metaspace       used 81606K, capacity 85374K, committed 85464K, reserved 327680K
  class space    used 10386K, capacity 11738K, committed 11776K, reserved 253952K
}
Event: 1309.093 GC heap after
{Heap after GC invocations=32 (full 0):
 garbage-first heap   total 285696K, used 153088K [0x00000000e0000000, 0x0000000100000000)
  region size 1024K, 9 young (9216K), 9 survivors (9216K)
 Metaspace       used 81606K, capacity 85374K, committed 85464K, reserved 327680K
  class space    used 10386K, capacity 11738K, committed 11776K, reserved 253952K
}
Event: 1311.313 GC heap before
{Heap before GC invocations=33 (full 0):
 garbage-first heap   total 285696K, used 216576K [0x00000000e0000000, 0x0000000100000000)
  region size 1024K, 72 young (73728K), 9 survivors (9216K)
 Metaspace       used 81807K, capacity 85591K, committed 85720K, reserved 329728K
  class space    used 10409K, capacity 11775K, committed 11776K, reserved 253952K
}
Event: 1311.332 GC heap after
{Heap after GC invocations=34 (full 0):
 garbage-first heap   total 285696K, used 156016K [0x00000000e0000000, 0x0000000100000000)
  region size 1024K, 3 young (3072K), 3 survivors (3072K)
 Metaspace       used 81807K, capacity 85591K, committed 85720K, reserved 329728K
  class space    used 10409K, capacity 11775K, committed 11776K, reserved 253952K
}
Event: 1311.591 GC heap before
{Heap before GC invocations=34 (full 0):
 garbage-first heap   total 285696K, used 165232K [0x00000000e0000000, 0x0000000100000000)
  region size 1024K, 13 young (13312K), 3 survivors (3072K)
 Metaspace       used 81868K, capacity 85655K, committed 85720K, reserved 329728K
  class space    used 10409K, capacity 11775K, committed 11776K, reserved 253952K
}
Event: 1311.640 GC heap after
{Heap after GC invocations=35 (full 0):
 garbage-first heap   total 285696K, used 146586K [0x00000000e0000000, 0x0000000100000000)
  region size 1024K, 2 young (2048K), 2 survivors (2048K)
 Metaspace       used 81868K, capacity 85655K, committed 85720K, reserved 329728K
  class space    used 10409K, capacity 11775K, committed 11776K, reserved 253952K
}
Event: 1856.682 GC heap before
{Heap before GC invocations=35 (full 0):
 garbage-first heap   total 285696K, used 215194K [0x00000000e0000000, 0x0000000100000000)
  region size 1024K, 70 young (71680K), 2 survivors (2048K)
 Metaspace       used 82156K, capacity 85936K, committed 86104K, reserved 329728K
  class space    used 10423K, capacity 11797K, committed 11904K, reserved 253952K
}
Event: 1856.692 GC heap after
{Heap after GC invocations=36 (full 0):
 garbage-first heap   total 285696K, used 148150K [0x00000000e0000000, 0x0000000100000000)
  region size 1024K, 3 young (3072K), 3 survivors (3072K)
 Metaspace       used 82156K, capacity 85936K, committed 86104K, reserved 329728K
  class space    used 10423K, capacity 11797K, committed 11904K, reserved 253952K
}

